févr. 02, 2017 4:07:56 PM org.apache.catalina.core.AprLifecycleListener init
INFOS: The APR based Apache Tomcat Native library which allows optimal performance in production environments was not found on the java.library.path: C:\Program Files\Java\jre1.8.0_92\bin;C:\Windows\Sun\Java\bin;C:\Windows\system32;C:\Windows;C:\Windows\CCM\;C:\oraclexe\app\oracle\product\11.2.0\server\bin;;C:\app\Administrateur\product\11.1.0\client_1\BIN\;C:\ProgramData\Oracle\Java\javapath;C:\Windows\system32;C:\Windows;C:\Windows\System32\Wbem;C:\Windows\System32\WindowsPowerShell\v1.0\;C:\Windows\CCM;C:\Program Files\Git\cmd;C:\Program Files\SASHome\Secure\ccme4;C:\Program Files\SASHome\x86\Secure\ccme4;C:\Windows\CCM;C:\Windows\CCM;C:\Windows\CCM;C:\Windows\CCM;C:\Windows\CCM;C:\Windows\CCM;C:\Program Files (x86)\PuTTY\;C:\Program Files (x86)\QuickTime\QTSystem\;C:\Program Files\doxygen\bin;C:\Windows\system32\config\systemprofile\.dnx\bin;C:\Program Files\Microsoft DNX\Dnvm\;C:\Program Files\Microsoft SQL Server\120\Tools\Binn\;C:\Program Files\Microsoft SQL Server\Client SDK\ODBC\110\Tools\Binn\;C:\Program Files (x86)\Microsoft SQL Server\120\Tools\Binn\;C:\Program Files\Microsoft SQL Server\120\DTS\Binn\;C:\Program Files (x86)\Microsoft SQL Server\120\Tools\Binn\ManagementStudio\;C:\Program Files (x86)\Microsoft SQL Server\120\DTS\Binn\;.
févr. 02, 2017 4:07:56 PM org.apache.coyote.AbstractProtocol init
INFOS: Initializing ProtocolHandler ["http-bio-8080"]
févr. 02, 2017 4:07:56 PM org.apache.coyote.AbstractProtocol init
INFOS: Initializing ProtocolHandler ["ajp-bio-8009"]
févr. 02, 2017 4:07:56 PM org.apache.catalina.startup.Catalina load
INFOS: Initialization processed in 819 ms
févr. 02, 2017 4:07:56 PM org.apache.catalina.core.StandardService startInternal
INFOS: Démarrage du service Catalina
févr. 02, 2017 4:07:56 PM org.apache.catalina.core.StandardEngine startInternal
INFOS: Starting Servlet Engine: Apache Tomcat/7.0.35
févr. 02, 2017 4:07:56 PM org.apache.catalina.startup.HostConfig deployDirectory
INFOS: Déploiement du répertoire Z:\apache-tomcat-7.0.35\webapps\aviation de l'application web
févr. 02, 2017 4:08:02 PM org.apache.catalina.util.SessionIdGenerator createSecureRandom
INFOS: Creation of SecureRandom instance for session ID generation using [SHA1PRNG] took [5 004] milliseconds.
févr. 02, 2017 4:08:03 PM org.apache.catalina.startup.HostConfig deployDirectory
INFOS: Déploiement du répertoire Z:\apache-tomcat-7.0.35\webapps\docs de l'application web
févr. 02, 2017 4:08:03 PM org.apache.catalina.startup.HostConfig deployDirectory
INFOS: Déploiement du répertoire Z:\apache-tomcat-7.0.35\webapps\examples de l'application web
févr. 02, 2017 4:08:04 PM org.apache.catalina.startup.HostConfig deployDirectory
INFOS: Déploiement du répertoire Z:\apache-tomcat-7.0.35\webapps\host-manager de l'application web
févr. 02, 2017 4:08:04 PM org.apache.catalina.startup.HostConfig deployDirectory
INFOS: Déploiement du répertoire Z:\apache-tomcat-7.0.35\webapps\manager de l'application web
févr. 02, 2017 4:08:04 PM org.apache.catalina.startup.HostConfig deployDirectory
INFOS: Déploiement du répertoire Z:\apache-tomcat-7.0.35\webapps\ROOT de l'application web
févr. 02, 2017 4:08:04 PM org.apache.coyote.AbstractProtocol start
INFOS: Starting ProtocolHandler ["http-bio-8080"]
févr. 02, 2017 4:08:04 PM org.apache.coyote.AbstractProtocol start
INFOS: Starting ProtocolHandler ["ajp-bio-8009"]
févr. 02, 2017 4:08:04 PM org.apache.catalina.startup.Catalina start
INFOS: Server startup in 8019 ms
févr. 02, 2017 4:12:54 PM org.apache.catalina.core.AprLifecycleListener init
INFOS: The APR based Apache Tomcat Native library which allows optimal performance in production environments was not found on the java.library.path: C:\Program Files\Java\jre1.8.0_92\bin;C:\Windows\Sun\Java\bin;C:\Windows\system32;C:\Windows;C:\Windows\CCM\;C:\oraclexe\app\oracle\product\11.2.0\server\bin;;C:\app\Administrateur\product\11.1.0\client_1\BIN\;C:\ProgramData\Oracle\Java\javapath;C:\Windows\system32;C:\Windows;C:\Windows\System32\Wbem;C:\Windows\System32\WindowsPowerShell\v1.0\;C:\Windows\CCM;C:\Program Files\Git\cmd;C:\Program Files\SASHome\Secure\ccme4;C:\Program Files\SASHome\x86\Secure\ccme4;C:\Windows\CCM;C:\Windows\CCM;C:\Windows\CCM;C:\Windows\CCM;C:\Windows\CCM;C:\Windows\CCM;C:\Program Files (x86)\PuTTY\;C:\Program Files (x86)\QuickTime\QTSystem\;C:\Program Files\doxygen\bin;C:\Windows\system32\config\systemprofile\.dnx\bin;C:\Program Files\Microsoft DNX\Dnvm\;C:\Program Files\Microsoft SQL Server\120\Tools\Binn\;C:\Program Files\Microsoft SQL Server\Client SDK\ODBC\110\Tools\Binn\;C:\Program Files (x86)\Microsoft SQL Server\120\Tools\Binn\;C:\Program Files\Microsoft SQL Server\120\DTS\Binn\;C:\Program Files (x86)\Microsoft SQL Server\120\Tools\Binn\ManagementStudio\;C:\Program Files (x86)\Microsoft SQL Server\120\DTS\Binn\;.
févr. 02, 2017 4:12:55 PM org.apache.coyote.AbstractProtocol init
INFOS: Initializing ProtocolHandler ["http-bio-8080"]
févr. 02, 2017 4:12:55 PM org.apache.coyote.AbstractProtocol init
INFOS: Initializing ProtocolHandler ["ajp-bio-8009"]
févr. 02, 2017 4:12:55 PM org.apache.catalina.startup.Catalina load
INFOS: Initialization processed in 675 ms
févr. 02, 2017 4:12:55 PM org.apache.catalina.core.StandardService startInternal
INFOS: Démarrage du service Catalina
févr. 02, 2017 4:12:55 PM org.apache.catalina.core.StandardEngine startInternal
INFOS: Starting Servlet Engine: Apache Tomcat/7.0.35
févr. 02, 2017 4:12:55 PM org.apache.catalina.startup.HostConfig deployDirectory
INFOS: Déploiement du répertoire Z:\apache-tomcat-7.0.35\webapps\aviation de l'application web
févr. 02, 2017 4:13:01 PM org.apache.catalina.util.SessionIdGenerator createSecureRandom
INFOS: Creation of SecureRandom instance for session ID generation using [SHA1PRNG] took [5 002] milliseconds.
févr. 02, 2017 4:13:01 PM org.apache.catalina.startup.HostConfig deployDirectory
INFOS: Déploiement du répertoire Z:\apache-tomcat-7.0.35\webapps\docs de l'application web
févr. 02, 2017 4:13:01 PM org.apache.catalina.startup.HostConfig deployDirectory
INFOS: Déploiement du répertoire Z:\apache-tomcat-7.0.35\webapps\examples de l'application web
févr. 02, 2017 4:13:01 PM org.apache.catalina.startup.HostConfig deployDirectory
INFOS: Déploiement du répertoire Z:\apache-tomcat-7.0.35\webapps\host-manager de l'application web
févr. 02, 2017 4:13:02 PM org.apache.catalina.startup.HostConfig deployDirectory
INFOS: Déploiement du répertoire Z:\apache-tomcat-7.0.35\webapps\manager de l'application web
févr. 02, 2017 4:13:02 PM org.apache.catalina.startup.HostConfig deployDirectory
INFOS: Déploiement du répertoire Z:\apache-tomcat-7.0.35\webapps\ROOT de l'application web
févr. 02, 2017 4:13:02 PM org.apache.coyote.AbstractProtocol start
INFOS: Starting ProtocolHandler ["http-bio-8080"]
févr. 02, 2017 4:13:02 PM org.apache.coyote.AbstractProtocol start
INFOS: Starting ProtocolHandler ["ajp-bio-8009"]
févr. 02, 2017 4:13:02 PM org.apache.catalina.startup.Catalina start
INFOS: Server startup in 7075 ms
févr. 02, 2017 4:36:44 PM org.apache.catalina.startup.HostConfig checkResources
INFOS: Reloading context [/aviation]
févr. 02, 2017 4:36:44 PM org.apache.catalina.core.StandardContext reload
INFOS: Le rechargement du contexte [/aviation] a démarré
févr. 02, 2017 4:36:44 PM org.apache.catalina.loader.WebappClassLoader clearReferencesThreads
GRAVE: The web application [/aviation] appears to have started a thread named [SeedGenerator Thread] but has failed to stop it. This is very likely to create a memory leak.
févr. 02, 2017 4:36:45 PM org.apache.catalina.core.StandardContext reload
GRAVE: Exception lors du démarrage du contexte [/aviation]
org.apache.catalina.LifecycleException: Failed to start component [StandardEngine[Catalina].StandardHost[localhost].StandardContext[/aviation]]
	at org.apache.catalina.util.LifecycleBase.start(LifecycleBase.java:154)
	at org.apache.catalina.core.StandardContext.reload(StandardContext.java:3926)
	at org.apache.catalina.startup.HostConfig.checkResources(HostConfig.java:1271)
	at org.apache.catalina.startup.HostConfig.check(HostConfig.java:1440)
	at org.apache.catalina.startup.HostConfig.lifecycleEvent(HostConfig.java:301)
	at org.apache.catalina.util.LifecycleSupport.fireLifecycleEvent(LifecycleSupport.java:119)
	at org.apache.catalina.util.LifecycleBase.fireLifecycleEvent(LifecycleBase.java:90)
	at org.apache.catalina.core.ContainerBase.backgroundProcess(ContainerBase.java:1374)
	at org.apache.catalina.core.ContainerBase$ContainerBackgroundProcessor.processChildren(ContainerBase.java:1530)
	at org.apache.catalina.core.ContainerBase$ContainerBackgroundProcessor.processChildren(ContainerBase.java:1540)
	at org.apache.catalina.core.ContainerBase$ContainerBackgroundProcessor.run(ContainerBase.java:1519)
	at java.lang.Thread.run(Unknown Source)
Caused by: java.lang.IllegalArgumentException: <url-pattern> servlet.TestServlet invalide dans l'association de servlet (servlet mapping)
	at org.apache.catalina.core.StandardContext.addServletMapping(StandardContext.java:3223)
	at org.apache.catalina.core.StandardContext.addServletMapping(StandardContext.java:3198)
	at org.apache.catalina.deploy.WebXml.configureContext(WebXml.java:1366)
	at org.apache.catalina.startup.ContextConfig.webConfig(ContextConfig.java:1353)
	at org.apache.catalina.startup.ContextConfig.configureStart(ContextConfig.java:878)
	at org.apache.catalina.startup.ContextConfig.lifecycleEvent(ContextConfig.java:369)
	at org.apache.catalina.util.LifecycleSupport.fireLifecycleEvent(LifecycleSupport.java:119)
	at org.apache.catalina.util.LifecycleBase.fireLifecycleEvent(LifecycleBase.java:90)
	at org.apache.catalina.core.StandardContext.startInternal(StandardContext.java:5179)
	at org.apache.catalina.util.LifecycleBase.start(LifecycleBase.java:150)
	... 11 more

févr. 02, 2017 4:36:45 PM org.apache.catalina.core.StandardContext reload
INFOS: Le rechargement de ce contexte est terminé
févr. 02, 2017 4:37:55 PM org.apache.catalina.startup.HostConfig checkResources
INFOS: Reloading context [/aviation]
févr. 02, 2017 4:38:46 PM org.apache.catalina.startup.HostConfig checkResources
INFOS: Reloading context [/aviation]
févr. 02, 2017 4:38:46 PM org.apache.catalina.core.StandardContext reload
INFOS: Le rechargement du contexte [/aviation] a démarré
févr. 02, 2017 4:38:47 PM org.apache.catalina.core.StandardContext reload
INFOS: Le rechargement de ce contexte est terminé
févr. 02, 2017 4:42:27 PM org.apache.catalina.startup.HostConfig checkResources
INFOS: Reloading context [/aviation]
févr. 02, 2017 4:42:27 PM org.apache.catalina.core.StandardContext reload
INFOS: Le rechargement du contexte [/aviation] a démarré
févr. 02, 2017 4:42:28 PM org.apache.catalina.core.StandardContext reload
INFOS: Le rechargement de ce contexte est terminé
févr. 02, 2017 4:57:39 PM org.apache.catalina.startup.HostConfig checkResources
INFOS: Reloading context [/aviation]
févr. 02, 2017 4:57:39 PM org.apache.catalina.core.StandardContext reload
INFOS: Le rechargement du contexte [/aviation] a démarré
févr. 02, 2017 4:57:40 PM org.apache.catalina.core.StandardContext reload
GRAVE: Exception lors du démarrage du contexte [/aviation]
org.apache.catalina.LifecycleException: Failed to start component [StandardEngine[Catalina].StandardHost[localhost].StandardContext[/aviation]]
	at org.apache.catalina.util.LifecycleBase.start(LifecycleBase.java:154)
	at org.apache.catalina.core.StandardContext.reload(StandardContext.java:3926)
	at org.apache.catalina.startup.HostConfig.checkResources(HostConfig.java:1271)
	at org.apache.catalina.startup.HostConfig.check(HostConfig.java:1440)
	at org.apache.catalina.startup.HostConfig.lifecycleEvent(HostConfig.java:301)
	at org.apache.catalina.util.LifecycleSupport.fireLifecycleEvent(LifecycleSupport.java:119)
	at org.apache.catalina.util.LifecycleBase.fireLifecycleEvent(LifecycleBase.java:90)
	at org.apache.catalina.core.ContainerBase.backgroundProcess(ContainerBase.java:1374)
	at org.apache.catalina.core.ContainerBase$ContainerBackgroundProcessor.processChildren(ContainerBase.java:1530)
	at org.apache.catalina.core.ContainerBase$ContainerBackgroundProcessor.processChildren(ContainerBase.java:1540)
	at org.apache.catalina.core.ContainerBase$ContainerBackgroundProcessor.run(ContainerBase.java:1519)
	at java.lang.Thread.run(Unknown Source)
Caused by: java.lang.IllegalArgumentException: <url-pattern> url-pattern invalide dans l'association de servlet (servlet mapping)
	at org.apache.catalina.core.StandardContext.addServletMapping(StandardContext.java:3223)
	at org.apache.catalina.core.StandardContext.addServletMapping(StandardContext.java:3198)
	at org.apache.catalina.deploy.WebXml.configureContext(WebXml.java:1366)
	at org.apache.catalina.startup.ContextConfig.webConfig(ContextConfig.java:1353)
	at org.apache.catalina.startup.ContextConfig.configureStart(ContextConfig.java:878)
	at org.apache.catalina.startup.ContextConfig.lifecycleEvent(ContextConfig.java:369)
	at org.apache.catalina.util.LifecycleSupport.fireLifecycleEvent(LifecycleSupport.java:119)
	at org.apache.catalina.util.LifecycleBase.fireLifecycleEvent(LifecycleBase.java:90)
	at org.apache.catalina.core.StandardContext.startInternal(StandardContext.java:5179)
	at org.apache.catalina.util.LifecycleBase.start(LifecycleBase.java:150)
	... 11 more

févr. 02, 2017 4:57:40 PM org.apache.catalina.core.StandardContext reload
INFOS: Le rechargement de ce contexte est terminé
févr. 02, 2017 4:58:00 PM org.apache.catalina.startup.HostConfig checkResources
INFOS: Reloading context [/aviation]
févr. 02, 2017 4:58:11 PM org.apache.catalina.startup.HostConfig checkResources
INFOS: Reloading context [/aviation]
févr. 02, 2017 4:58:11 PM org.apache.catalina.core.StandardContext reload
INFOS: Le rechargement du contexte [/aviation] a démarré
févr. 02, 2017 4:58:11 PM org.apache.catalina.core.StandardContext reload
INFOS: Le rechargement de ce contexte est terminé
févr. 02, 2017 4:58:31 PM org.apache.catalina.startup.HostConfig checkResources
INFOS: Reloading context [/aviation]
févr. 02, 2017 4:58:31 PM org.apache.catalina.core.StandardContext reload
INFOS: Le rechargement du contexte [/aviation] a démarré
févr. 02, 2017 4:58:32 PM org.apache.catalina.core.StandardContext reload
GRAVE: Exception lors du démarrage du contexte [/aviation]
org.apache.catalina.LifecycleException: Failed to start component [StandardEngine[Catalina].StandardHost[localhost].StandardContext[/aviation]]
	at org.apache.catalina.util.LifecycleBase.start(LifecycleBase.java:154)
	at org.apache.catalina.core.StandardContext.reload(StandardContext.java:3926)
	at org.apache.catalina.startup.HostConfig.checkResources(HostConfig.java:1271)
	at org.apache.catalina.startup.HostConfig.check(HostConfig.java:1440)
	at org.apache.catalina.startup.HostConfig.lifecycleEvent(HostConfig.java:301)
	at org.apache.catalina.util.LifecycleSupport.fireLifecycleEvent(LifecycleSupport.java:119)
	at org.apache.catalina.util.LifecycleBase.fireLifecycleEvent(LifecycleBase.java:90)
	at org.apache.catalina.core.ContainerBase.backgroundProcess(ContainerBase.java:1374)
	at org.apache.catalina.core.ContainerBase$ContainerBackgroundProcessor.processChildren(ContainerBase.java:1530)
	at org.apache.catalina.core.ContainerBase$ContainerBackgroundProcessor.processChildren(ContainerBase.java:1540)
	at org.apache.catalina.core.ContainerBase$ContainerBackgroundProcessor.run(ContainerBase.java:1519)
	at java.lang.Thread.run(Unknown Source)
Caused by: java.lang.IllegalArgumentException: <url-pattern> url-pattern invalide dans l'association de servlet (servlet mapping)
	at org.apache.catalina.core.StandardContext.addServletMapping(StandardContext.java:3223)
	at org.apache.catalina.core.StandardContext.addServletMapping(StandardContext.java:3198)
	at org.apache.catalina.deploy.WebXml.configureContext(WebXml.java:1366)
	at org.apache.catalina.startup.ContextConfig.webConfig(ContextConfig.java:1353)
	at org.apache.catalina.startup.ContextConfig.configureStart(ContextConfig.java:878)
	at org.apache.catalina.startup.ContextConfig.lifecycleEvent(ContextConfig.java:369)
	at org.apache.catalina.util.LifecycleSupport.fireLifecycleEvent(LifecycleSupport.java:119)
	at org.apache.catalina.util.LifecycleBase.fireLifecycleEvent(LifecycleBase.java:90)
	at org.apache.catalina.core.StandardContext.startInternal(StandardContext.java:5179)
	at org.apache.catalina.util.LifecycleBase.start(LifecycleBase.java:150)
	... 11 more

févr. 02, 2017 4:58:32 PM org.apache.catalina.core.StandardContext reload
INFOS: Le rechargement de ce contexte est terminé
févr. 02, 2017 4:58:42 PM org.apache.catalina.startup.HostConfig checkResources
INFOS: Reloading context [/aviation]
févr. 02, 2017 4:58:48 PM org.apache.catalina.util.LifecycleBase start
INFOS: The start() method was called on component [StandardEngine[Catalina].StandardHost[localhost].StandardContext[/aviation]] after start() had already been called. The second call will be ignored.
févr. 02, 2017 4:58:59 PM org.apache.catalina.core.StandardContext reload
INFOS: Le rechargement du contexte [/aviation] a démarré
févr. 02, 2017 4:59:00 PM org.apache.catalina.core.StandardContext reload
INFOS: Le rechargement de ce contexte est terminé
févr. 02, 2017 4:59:08 PM org.apache.catalina.core.StandardContext reload
INFOS: Le rechargement du contexte [/aviation] a démarré
févr. 02, 2017 4:59:09 PM org.apache.catalina.core.StandardContext reload
INFOS: Le rechargement de ce contexte est terminé
