févr. 23, 2017 3:46:17 PM org.apache.catalina.core.AprLifecycleListener init
INFOS: The APR based Apache Tomcat Native library which allows optimal performance in production environments was not found on the java.library.path: C:\Program Files\Java\jre1.8.0_92\bin;C:\Windows\Sun\Java\bin;C:\Windows\system32;C:\Windows;C:\Windows\CCM\;C:\oraclexe\app\oracle\product\11.2.0\server\bin;;C:\app\Administrateur\product\11.1.0\client_1\BIN\;C:\ProgramData\Oracle\Java\javapath;C:\Windows\system32;C:\Windows;C:\Windows\System32\Wbem;C:\Windows\System32\WindowsPowerShell\v1.0\;C:\Windows\CCM;C:\Program Files\Git\cmd;C:\Program Files\SASHome\Secure\ccme4;C:\Program Files\SASHome\x86\Secure\ccme4;C:\Windows\CCM;C:\Windows\CCM;C:\Windows\CCM;C:\Windows\CCM;C:\Windows\CCM;C:\Windows\CCM;C:\Program Files (x86)\PuTTY\;C:\Program Files (x86)\QuickTime\QTSystem\;C:\Program Files\doxygen\bin;C:\Windows\system32\config\systemprofile\.dnx\bin;C:\Program Files\Microsoft DNX\Dnvm\;C:\Program Files\Microsoft SQL Server\120\Tools\Binn\;C:\Program Files (x86)\Windows Kits\8.1\Windows Performance Toolkit\;C:\Program Files\Microsoft SQL Server\Client SDK\ODBC\110\Tools\Binn\;C:\Program Files (x86)\Microsoft SQL Server\120\Tools\Binn\;C:\Program Files\Microsoft SQL Server\120\DTS\Binn\;C:\Program Files (x86)\Microsoft SQL Server\120\Tools\Binn\ManagementStudio\;C:\Program Files (x86)\Microsoft SQL Server\120\DTS\Binn\;.
févr. 23, 2017 3:46:18 PM org.apache.coyote.AbstractProtocol init
INFOS: Initializing ProtocolHandler ["http-bio-8080"]
févr. 23, 2017 3:46:18 PM org.apache.coyote.AbstractProtocol init
INFOS: Initializing ProtocolHandler ["ajp-bio-8009"]
févr. 23, 2017 3:46:18 PM org.apache.catalina.startup.Catalina load
INFOS: Initialization processed in 1633 ms
févr. 23, 2017 3:46:18 PM org.apache.catalina.core.StandardService startInternal
INFOS: Démarrage du service Catalina
févr. 23, 2017 3:46:18 PM org.apache.catalina.core.StandardEngine startInternal
INFOS: Starting Servlet Engine: Apache Tomcat/7.0.35
févr. 23, 2017 3:46:18 PM org.apache.catalina.startup.HostConfig deployDirectory
INFOS: Déploiement du répertoire Z:\apache-tomcat-7.0.35\webapps\aviation de l'application web
févr. 23, 2017 3:46:25 PM org.apache.catalina.util.SessionIdGenerator createSecureRandom
INFOS: Creation of SecureRandom instance for session ID generation using [SHA1PRNG] took [5 084] milliseconds.
févr. 23, 2017 3:46:25 PM org.apache.catalina.startup.HostConfig deployDirectory
INFOS: Déploiement du répertoire Z:\apache-tomcat-7.0.35\webapps\docs de l'application web
févr. 23, 2017 3:46:25 PM org.apache.catalina.startup.HostConfig deployDirectory
INFOS: Déploiement du répertoire Z:\apache-tomcat-7.0.35\webapps\examples de l'application web
févr. 23, 2017 3:46:26 PM org.apache.catalina.startup.HostConfig deployDirectory
INFOS: Déploiement du répertoire Z:\apache-tomcat-7.0.35\webapps\host-manager de l'application web
févr. 23, 2017 3:46:26 PM org.apache.catalina.startup.HostConfig deployDirectory
INFOS: Déploiement du répertoire Z:\apache-tomcat-7.0.35\webapps\manager de l'application web
févr. 23, 2017 3:46:26 PM org.apache.catalina.startup.HostConfig deployDirectory
INFOS: Déploiement du répertoire Z:\apache-tomcat-7.0.35\webapps\ROOT de l'application web
févr. 23, 2017 3:46:26 PM org.apache.catalina.startup.HostConfig deployDirectory
INFOS: Déploiement du répertoire Z:\apache-tomcat-7.0.35\webapps\tp2 de l'application web
févr. 23, 2017 3:46:27 PM org.apache.catalina.startup.HostConfig deployDirectory
INFOS: Déploiement du répertoire Z:\apache-tomcat-7.0.35\webapps\tp4webjava de l'application web
févr. 23, 2017 3:46:27 PM org.apache.coyote.AbstractProtocol start
INFOS: Starting ProtocolHandler ["http-bio-8080"]
févr. 23, 2017 3:46:27 PM org.apache.coyote.AbstractProtocol start
INFOS: Starting ProtocolHandler ["ajp-bio-8009"]
févr. 23, 2017 3:46:27 PM org.apache.catalina.startup.Catalina start
INFOS: Server startup in 9016 ms
