mars 03, 2017 11:06:35 AM org.apache.catalina.core.AprLifecycleListener init
INFOS: The APR based Apache Tomcat Native library which allows optimal performance in production environments was not found on the java.library.path: C:\Program Files\Java\jre1.8.0_92\bin;C:\Windows\Sun\Java\bin;C:\Windows\system32;C:\Windows;C:\Windows\CCM\;C:\oraclexe\app\oracle\product\11.2.0\server\bin;;C:\app\Administrateur\product\11.1.0\client_1\BIN\;C:\ProgramData\Oracle\Java\javapath;C:\Windows\system32;C:\Windows;C:\Windows\System32\Wbem;C:\Windows\System32\WindowsPowerShell\v1.0\;C:\Windows\CCM;C:\Program Files\Git\cmd;C:\Program Files\SASHome\Secure\ccme4;C:\Program Files\SASHome\x86\Secure\ccme4;C:\Windows\CCM;C:\Windows\CCM;C:\Windows\CCM;C:\Windows\CCM;C:\Windows\CCM;C:\Windows\CCM;C:\Windows\system32\config\systemprofile\.dnx\bin;C:\Program Files\Microsoft DNX\Dnvm\;C:\Program Files\Microsoft SQL Server\120\Tools\Binn\;C:\Program Files (x86)\PuTTY\;C:\Program Files (x86)\QuickTime\QTSystem\;C:\Program Files\doxygen\bin;C:\Program Files (x86)\Windows Kits\8.1\Windows Performance Toolkit\;C:\Program Files\Microsoft SQL Server\Client SDK\ODBC\110\Tools\Binn\;C:\Program Files (x86)\Microsoft SQL Server\120\Tools\Binn\;C:\Program Files\Microsoft SQL Server\120\DTS\Binn\;C:\Program Files (x86)\Microsoft SQL Server\120\Tools\Binn\ManagementStudio\;C:\Program Files (x86)\Microsoft SQL Server\120\DTS\Binn\;.
mars 03, 2017 11:06:36 AM org.apache.coyote.AbstractProtocol init
INFOS: Initializing ProtocolHandler ["http-bio-8080"]
mars 03, 2017 11:06:36 AM org.apache.coyote.AbstractProtocol init
INFOS: Initializing ProtocolHandler ["ajp-bio-8009"]
mars 03, 2017 11:06:36 AM org.apache.catalina.startup.Catalina load
INFOS: Initialization processed in 497 ms
mars 03, 2017 11:06:36 AM org.apache.catalina.core.StandardService startInternal
INFOS: Démarrage du service Catalina
mars 03, 2017 11:06:36 AM org.apache.catalina.core.StandardEngine startInternal
INFOS: Starting Servlet Engine: Apache Tomcat/7.0.35
mars 03, 2017 11:06:36 AM org.apache.catalina.startup.HostConfig deployDirectory
INFOS: Déploiement du répertoire E:\Applis Web Java\Projet\Projet-web\apache-tomcat-7.0.35\webapps\aviation de l'application web
mars 03, 2017 11:06:42 AM org.apache.catalina.util.SessionIdGenerator createSecureRandom
INFOS: Creation of SecureRandom instance for session ID generation using [SHA1PRNG] took [5 003] milliseconds.
mars 03, 2017 11:06:42 AM org.apache.catalina.startup.HostConfig deployDirectory
INFOS: Déploiement du répertoire E:\Applis Web Java\Projet\Projet-web\apache-tomcat-7.0.35\webapps\docs de l'application web
mars 03, 2017 11:06:42 AM org.apache.catalina.startup.HostConfig deployDirectory
INFOS: Déploiement du répertoire E:\Applis Web Java\Projet\Projet-web\apache-tomcat-7.0.35\webapps\examples de l'application web
mars 03, 2017 11:06:42 AM org.apache.catalina.startup.HostConfig deployDirectory
INFOS: Déploiement du répertoire E:\Applis Web Java\Projet\Projet-web\apache-tomcat-7.0.35\webapps\host-manager de l'application web
mars 03, 2017 11:06:42 AM org.apache.catalina.startup.HostConfig deployDirectory
INFOS: Déploiement du répertoire E:\Applis Web Java\Projet\Projet-web\apache-tomcat-7.0.35\webapps\manager de l'application web
mars 03, 2017 11:06:42 AM org.apache.catalina.startup.HostConfig deployDirectory
INFOS: Déploiement du répertoire E:\Applis Web Java\Projet\Projet-web\apache-tomcat-7.0.35\webapps\projet de l'application web
mars 03, 2017 11:06:43 AM org.apache.catalina.startup.HostConfig deployDirectory
INFOS: Déploiement du répertoire E:\Applis Web Java\Projet\Projet-web\apache-tomcat-7.0.35\webapps\ROOT de l'application web
mars 03, 2017 11:06:43 AM org.apache.catalina.startup.HostConfig deployDirectory
INFOS: Déploiement du répertoire E:\Applis Web Java\Projet\Projet-web\apache-tomcat-7.0.35\webapps\tp2 de l'application web
mars 03, 2017 11:06:43 AM org.apache.catalina.startup.HostConfig deployDirectory
INFOS: Déploiement du répertoire E:\Applis Web Java\Projet\Projet-web\apache-tomcat-7.0.35\webapps\tp4webjava de l'application web
mars 03, 2017 11:06:44 AM org.apache.coyote.AbstractProtocol start
INFOS: Starting ProtocolHandler ["http-bio-8080"]
mars 03, 2017 11:06:44 AM org.apache.coyote.AbstractProtocol start
INFOS: Starting ProtocolHandler ["ajp-bio-8009"]
mars 03, 2017 11:06:44 AM org.apache.catalina.startup.Catalina start
INFOS: Server startup in 7977 ms
mars 03, 2017 11:16:34 AM org.apache.catalina.startup.HostConfig deployDirectory
INFOS: Déploiement du répertoire E:\Applis Web Java\Projet\Projet-web\apache-tomcat-7.0.35\webapps\projet - Copie de l'application web
mars 03, 2017 11:16:45 AM org.apache.catalina.startup.HostConfig deleteRedeployResources
INFOS: Repli (undeploy) de l'application web ayant pour chemin de contexte /projet - Copie
mars 03, 2017 11:16:46 AM org.apache.catalina.startup.HostConfig deployDirectory
INFOS: Déploiement du répertoire E:\Applis Web Java\Projet\Projet-web\apache-tomcat-7.0.35\webapps\prj de l'application web
mars 03, 2017 11:29:57 AM org.apache.catalina.startup.HostConfig checkResources
INFOS: Reloading context [/prj]
mars 03, 2017 11:29:57 AM org.apache.catalina.core.StandardContext reload
INFOS: Le rechargement du contexte [/prj] a démarré
mars 03, 2017 11:29:57 AM org.apache.catalina.core.StandardContext reload
INFOS: Le rechargement de ce contexte est terminé
mars 03, 2017 11:31:28 AM org.apache.catalina.startup.HostConfig checkResources
INFOS: Reloading context [/prj]
mars 03, 2017 11:31:28 AM org.apache.catalina.core.StandardContext reload
INFOS: Le rechargement du contexte [/prj] a démarré
mars 03, 2017 11:31:28 AM org.apache.catalina.core.StandardContext reload
INFOS: Le rechargement de ce contexte est terminé
mars 03, 2017 11:46:01 AM org.apache.jasper.compiler.TldLocationsCache tldScanJar
INFOS: At least one JAR was scanned for TLDs yet contained no TLDs. Enable debug logging for this logger for a complete list of JARs that were scanned but no TLDs were found in them. Skipping unneeded JARs during scanning can improve startup time and JSP compilation time.
mars 03, 2017 11:50:32 AM org.apache.catalina.core.StandardContext reload
INFOS: Le rechargement du contexte [/projet] a démarré
mars 03, 2017 11:50:32 AM org.apache.catalina.core.StandardContext reload
INFOS: Le rechargement de ce contexte est terminé
mars 03, 2017 11:51:04 AM org.apache.catalina.core.StandardContext reload
INFOS: Le rechargement du contexte [/prj] a démarré
mars 03, 2017 11:51:05 AM org.apache.catalina.core.StandardContext reload
INFOS: Le rechargement de ce contexte est terminé
mars 03, 2017 11:54:28 AM org.apache.catalina.core.StandardContext reload
INFOS: Le rechargement du contexte [/prj] a démarré
mars 03, 2017 11:54:29 AM org.apache.catalina.core.StandardContext reload
INFOS: Le rechargement de ce contexte est terminé
mars 03, 2017 11:56:06 AM org.apache.catalina.core.StandardContext reload
INFOS: Le rechargement du contexte [/prj] a démarré
mars 03, 2017 11:56:07 AM org.apache.catalina.core.StandardContext reload
INFOS: Le rechargement de ce contexte est terminé
