févr. 09, 2017 3:37:57 PM org.apache.catalina.core.AprLifecycleListener init
INFOS: The APR based Apache Tomcat Native library which allows optimal performance in production environments was not found on the java.library.path: C:\Program Files\Java\jre1.8.0_92\bin;C:\Windows\Sun\Java\bin;C:\Windows\system32;C:\Windows;C:\Windows\CCM\;C:\oraclexe\app\oracle\product\11.2.0\server\bin;;C:\app\Administrateur\product\11.1.0\client_1\BIN\;C:\ProgramData\Oracle\Java\javapath;C:\Windows\system32;C:\Windows;C:\Windows\System32\Wbem;C:\Windows\System32\WindowsPowerShell\v1.0\;C:\Windows\CCM;C:\Program Files\Git\cmd;C:\Program Files\SASHome\Secure\ccme4;C:\Program Files\SASHome\x86\Secure\ccme4;C:\Windows\CCM;C:\Windows\CCM;C:\Windows\CCM;C:\Windows\CCM;C:\Windows\CCM;C:\Windows\CCM;C:\Program Files (x86)\PuTTY\;C:\Program Files (x86)\QuickTime\QTSystem\;C:\Program Files\doxygen\bin;C:\Windows\system32\config\systemprofile\.dnx\bin;C:\Program Files\Microsoft DNX\Dnvm\;C:\Program Files (x86)\Windows Kits\8.1\Windows Performance Toolkit\;C:\Program Files\Microsoft SQL Server\120\Tools\Binn\;C:\Program Files\Microsoft SQL Server\Client SDK\ODBC\110\Tools\Binn\;C:\Program Files (x86)\Microsoft SQL Server\120\Tools\Binn\;C:\Program Files\Microsoft SQL Server\120\DTS\Binn\;C:\Program Files (x86)\Microsoft SQL Server\120\Tools\Binn\ManagementStudio\;C:\Program Files (x86)\Microsoft SQL Server\120\DTS\Binn\;.
févr. 09, 2017 3:37:58 PM org.apache.coyote.AbstractProtocol init
INFOS: Initializing ProtocolHandler ["http-bio-8080"]
févr. 09, 2017 3:37:58 PM org.apache.coyote.AbstractProtocol init
INFOS: Initializing ProtocolHandler ["ajp-bio-8009"]
févr. 09, 2017 3:37:58 PM org.apache.catalina.startup.Catalina load
INFOS: Initialization processed in 684 ms
févr. 09, 2017 3:37:58 PM org.apache.catalina.core.StandardService startInternal
INFOS: Démarrage du service Catalina
févr. 09, 2017 3:37:58 PM org.apache.catalina.core.StandardEngine startInternal
INFOS: Starting Servlet Engine: Apache Tomcat/7.0.35
févr. 09, 2017 3:37:58 PM org.apache.catalina.startup.HostConfig deployDirectory
INFOS: Déploiement du répertoire Z:\apache-tomcat-7.0.35\webapps\aviation de l'application web
févr. 09, 2017 3:38:04 PM org.apache.catalina.util.SessionIdGenerator createSecureRandom
INFOS: Creation of SecureRandom instance for session ID generation using [SHA1PRNG] took [5 000] milliseconds.
févr. 09, 2017 3:38:04 PM org.apache.catalina.startup.HostConfig deployDirectory
INFOS: Déploiement du répertoire Z:\apache-tomcat-7.0.35\webapps\docs de l'application web
févr. 09, 2017 3:38:04 PM org.apache.catalina.startup.HostConfig deployDirectory
INFOS: Déploiement du répertoire Z:\apache-tomcat-7.0.35\webapps\examples de l'application web
févr. 09, 2017 3:38:05 PM org.apache.catalina.startup.HostConfig deployDirectory
INFOS: Déploiement du répertoire Z:\apache-tomcat-7.0.35\webapps\host-manager de l'application web
févr. 09, 2017 3:38:05 PM org.apache.catalina.startup.HostConfig deployDirectory
INFOS: Déploiement du répertoire Z:\apache-tomcat-7.0.35\webapps\manager de l'application web
févr. 09, 2017 3:38:05 PM org.apache.catalina.startup.HostConfig deployDirectory
INFOS: Déploiement du répertoire Z:\apache-tomcat-7.0.35\webapps\ROOT de l'application web
févr. 09, 2017 3:38:05 PM org.apache.coyote.AbstractProtocol start
INFOS: Starting ProtocolHandler ["http-bio-8080"]
févr. 09, 2017 3:38:05 PM org.apache.coyote.AbstractProtocol start
INFOS: Starting ProtocolHandler ["ajp-bio-8009"]
févr. 09, 2017 3:38:05 PM org.apache.catalina.startup.Catalina start
INFOS: Server startup in 7166 ms
févr. 09, 2017 3:45:25 PM org.apache.catalina.loader.WebappClassLoader clearReferencesThreads
GRAVE: The web application [/aviation] appears to have started a thread named [SeedGenerator Thread] but has failed to stop it. This is very likely to create a memory leak.
févr. 09, 2017 3:48:47 PM org.apache.catalina.startup.HostConfig checkResources
INFOS: Reloading context [/aviation]
févr. 09, 2017 3:48:47 PM org.apache.catalina.core.StandardContext reload
INFOS: Le rechargement du contexte [/aviation] a démarré
févr. 09, 2017 3:48:48 PM org.apache.catalina.core.StandardContext reload
INFOS: Le rechargement de ce contexte est terminé
févr. 09, 2017 3:51:53 PM org.apache.catalina.core.AprLifecycleListener init
INFOS: The APR based Apache Tomcat Native library which allows optimal performance in production environments was not found on the java.library.path: C:\Program Files\Java\jre1.8.0_92\bin;C:\Windows\Sun\Java\bin;C:\Windows\system32;C:\Windows;C:\Windows\CCM\;C:\oraclexe\app\oracle\product\11.2.0\server\bin;;C:\app\Administrateur\product\11.1.0\client_1\BIN\;C:\ProgramData\Oracle\Java\javapath;C:\Windows\system32;C:\Windows;C:\Windows\System32\Wbem;C:\Windows\System32\WindowsPowerShell\v1.0\;C:\Windows\CCM;C:\Program Files\Git\cmd;C:\Program Files\SASHome\Secure\ccme4;C:\Program Files\SASHome\x86\Secure\ccme4;C:\Windows\CCM;C:\Windows\CCM;C:\Windows\CCM;C:\Windows\CCM;C:\Windows\CCM;C:\Windows\CCM;C:\Program Files (x86)\PuTTY\;C:\Program Files (x86)\QuickTime\QTSystem\;C:\Program Files\doxygen\bin;C:\Windows\system32\config\systemprofile\.dnx\bin;C:\Program Files\Microsoft DNX\Dnvm\;C:\Program Files (x86)\Windows Kits\8.1\Windows Performance Toolkit\;C:\Program Files\Microsoft SQL Server\120\Tools\Binn\;C:\Program Files\Microsoft SQL Server\Client SDK\ODBC\110\Tools\Binn\;C:\Program Files (x86)\Microsoft SQL Server\120\Tools\Binn\;C:\Program Files\Microsoft SQL Server\120\DTS\Binn\;C:\Program Files (x86)\Microsoft SQL Server\120\Tools\Binn\ManagementStudio\;C:\Program Files (x86)\Microsoft SQL Server\120\DTS\Binn\;.
févr. 09, 2017 3:51:53 PM org.apache.coyote.AbstractProtocol init
INFOS: Initializing ProtocolHandler ["http-bio-8080"]
févr. 09, 2017 3:51:53 PM org.apache.coyote.AbstractProtocol init
INFOS: Initializing ProtocolHandler ["ajp-bio-8009"]
févr. 09, 2017 3:51:53 PM org.apache.catalina.startup.Catalina load
INFOS: Initialization processed in 634 ms
févr. 09, 2017 3:51:53 PM org.apache.catalina.core.StandardService startInternal
INFOS: Démarrage du service Catalina
févr. 09, 2017 3:51:53 PM org.apache.catalina.core.StandardEngine startInternal
INFOS: Starting Servlet Engine: Apache Tomcat/7.0.35
févr. 09, 2017 3:51:53 PM org.apache.catalina.startup.HostConfig deployDirectory
INFOS: Déploiement du répertoire Z:\apache-tomcat-7.0.35\webapps\aviation de l'application web
févr. 09, 2017 3:51:59 PM org.apache.catalina.util.SessionIdGenerator createSecureRandom
INFOS: Creation of SecureRandom instance for session ID generation using [SHA1PRNG] took [5 002] milliseconds.
févr. 09, 2017 3:51:59 PM org.apache.catalina.startup.HostConfig deployDirectory
INFOS: Déploiement du répertoire Z:\apache-tomcat-7.0.35\webapps\docs de l'application web
févr. 09, 2017 3:52:00 PM org.apache.catalina.startup.HostConfig deployDirectory
INFOS: Déploiement du répertoire Z:\apache-tomcat-7.0.35\webapps\examples de l'application web
févr. 09, 2017 3:52:00 PM org.apache.catalina.startup.HostConfig deployDirectory
INFOS: Déploiement du répertoire Z:\apache-tomcat-7.0.35\webapps\host-manager de l'application web
févr. 09, 2017 3:52:00 PM org.apache.catalina.startup.HostConfig deployDirectory
INFOS: Déploiement du répertoire Z:\apache-tomcat-7.0.35\webapps\manager de l'application web
févr. 09, 2017 3:52:00 PM org.apache.catalina.startup.HostConfig deployDirectory
INFOS: Déploiement du répertoire Z:\apache-tomcat-7.0.35\webapps\ROOT de l'application web
févr. 09, 2017 3:52:00 PM org.apache.coyote.AbstractProtocol start
INFOS: Starting ProtocolHandler ["http-bio-8080"]
févr. 09, 2017 3:52:00 PM org.apache.coyote.AbstractProtocol start
INFOS: Starting ProtocolHandler ["ajp-bio-8009"]
févr. 09, 2017 3:52:00 PM org.apache.catalina.startup.Catalina start
INFOS: Server startup in 7010 ms
févr. 09, 2017 3:55:43 PM org.apache.catalina.core.AprLifecycleListener init
INFOS: The APR based Apache Tomcat Native library which allows optimal performance in production environments was not found on the java.library.path: C:\Program Files\Java\jre1.8.0_92\bin;C:\Windows\Sun\Java\bin;C:\Windows\system32;C:\Windows;C:\Windows\CCM\;C:\oraclexe\app\oracle\product\11.2.0\server\bin;;C:\app\Administrateur\product\11.1.0\client_1\BIN\;C:\ProgramData\Oracle\Java\javapath;C:\Windows\system32;C:\Windows;C:\Windows\System32\Wbem;C:\Windows\System32\WindowsPowerShell\v1.0\;C:\Windows\CCM;C:\Program Files\Git\cmd;C:\Program Files\SASHome\Secure\ccme4;C:\Program Files\SASHome\x86\Secure\ccme4;C:\Windows\CCM;C:\Windows\CCM;C:\Windows\CCM;C:\Windows\CCM;C:\Windows\CCM;C:\Windows\CCM;C:\Program Files (x86)\PuTTY\;C:\Program Files (x86)\QuickTime\QTSystem\;C:\Program Files\doxygen\bin;C:\Windows\system32\config\systemprofile\.dnx\bin;C:\Program Files\Microsoft DNX\Dnvm\;C:\Program Files (x86)\Windows Kits\8.1\Windows Performance Toolkit\;C:\Program Files\Microsoft SQL Server\120\Tools\Binn\;C:\Program Files\Microsoft SQL Server\Client SDK\ODBC\110\Tools\Binn\;C:\Program Files (x86)\Microsoft SQL Server\120\Tools\Binn\;C:\Program Files\Microsoft SQL Server\120\DTS\Binn\;C:\Program Files (x86)\Microsoft SQL Server\120\Tools\Binn\ManagementStudio\;C:\Program Files (x86)\Microsoft SQL Server\120\DTS\Binn\;.
févr. 09, 2017 3:55:43 PM org.apache.coyote.AbstractProtocol init
INFOS: Initializing ProtocolHandler ["http-bio-8080"]
févr. 09, 2017 3:55:43 PM org.apache.coyote.AbstractProtocol init
INFOS: Initializing ProtocolHandler ["ajp-bio-8009"]
févr. 09, 2017 3:55:43 PM org.apache.catalina.startup.Catalina load
INFOS: Initialization processed in 636 ms
févr. 09, 2017 3:55:43 PM org.apache.catalina.core.StandardService startInternal
INFOS: Démarrage du service Catalina
févr. 09, 2017 3:55:43 PM org.apache.catalina.core.StandardEngine startInternal
INFOS: Starting Servlet Engine: Apache Tomcat/7.0.35
févr. 09, 2017 3:55:43 PM org.apache.catalina.startup.HostConfig deployDirectory
INFOS: Déploiement du répertoire Z:\apache-tomcat-7.0.35\webapps\aviation de l'application web
févr. 09, 2017 3:55:49 PM org.apache.catalina.util.SessionIdGenerator createSecureRandom
INFOS: Creation of SecureRandom instance for session ID generation using [SHA1PRNG] took [5 000] milliseconds.
févr. 09, 2017 3:55:49 PM org.apache.catalina.startup.HostConfig deployDirectory
INFOS: Déploiement du répertoire Z:\apache-tomcat-7.0.35\webapps\docs de l'application web
févr. 09, 2017 3:55:49 PM org.apache.catalina.startup.HostConfig deployDirectory
INFOS: Déploiement du répertoire Z:\apache-tomcat-7.0.35\webapps\examples de l'application web
févr. 09, 2017 3:55:50 PM org.apache.catalina.startup.HostConfig deployDirectory
INFOS: Déploiement du répertoire Z:\apache-tomcat-7.0.35\webapps\host-manager de l'application web
févr. 09, 2017 3:55:50 PM org.apache.catalina.startup.HostConfig deployDirectory
INFOS: Déploiement du répertoire Z:\apache-tomcat-7.0.35\webapps\manager de l'application web
févr. 09, 2017 3:55:50 PM org.apache.catalina.startup.HostConfig deployDirectory
INFOS: Déploiement du répertoire Z:\apache-tomcat-7.0.35\webapps\ROOT de l'application web
févr. 09, 2017 3:55:50 PM org.apache.coyote.AbstractProtocol start
INFOS: Starting ProtocolHandler ["http-bio-8080"]
févr. 09, 2017 3:55:50 PM org.apache.coyote.AbstractProtocol start
INFOS: Starting ProtocolHandler ["ajp-bio-8009"]
févr. 09, 2017 3:55:50 PM org.apache.catalina.startup.Catalina start
INFOS: Server startup in 6876 ms
févr. 09, 2017 3:57:10 PM org.apache.catalina.startup.HostConfig checkResources
INFOS: Reloading context [/aviation]
févr. 09, 2017 3:57:10 PM org.apache.catalina.core.StandardContext reload
INFOS: Le rechargement du contexte [/aviation] a démarré
févr. 09, 2017 3:57:10 PM org.apache.catalina.loader.WebappClassLoader clearReferencesThreads
GRAVE: The web application [/aviation] appears to have started a thread named [SeedGenerator Thread] but has failed to stop it. This is very likely to create a memory leak.
févr. 09, 2017 3:57:11 PM org.apache.catalina.core.StandardContext reload
INFOS: Le rechargement de ce contexte est terminé
févr. 09, 2017 3:58:21 PM org.apache.catalina.startup.HostConfig checkResources
INFOS: Reloading context [/aviation]
févr. 09, 2017 3:58:21 PM org.apache.catalina.core.StandardContext reload
INFOS: Le rechargement du contexte [/aviation] a démarré
févr. 09, 2017 3:58:22 PM org.apache.catalina.core.StandardContext reload
INFOS: Le rechargement de ce contexte est terminé
févr. 09, 2017 3:58:44 PM org.apache.catalina.core.StandardContext reload
INFOS: Le rechargement du contexte [/aviation] a démarré
févr. 09, 2017 3:58:45 PM org.apache.catalina.core.StandardContext reload
INFOS: Le rechargement de ce contexte est terminé
févr. 09, 2017 3:58:47 PM org.apache.catalina.core.StandardContext reload
INFOS: Le rechargement du contexte [/aviation] a démarré
févr. 09, 2017 3:58:48 PM org.apache.catalina.core.StandardContext reload
INFOS: Le rechargement de ce contexte est terminé
févr. 09, 2017 4:08:53 PM org.apache.catalina.startup.HostConfig deployDirectory
INFOS: Déploiement du répertoire Z:\apache-tomcat-7.0.35\webapps\tp2 de l'application web
févr. 09, 2017 4:13:55 PM org.apache.catalina.startup.HostConfig deleteRedeployResources
INFOS: Repli (undeploy) de l'application web ayant pour chemin de contexte /tp2
févr. 09, 2017 4:13:55 PM org.apache.catalina.startup.HostConfig deployDirectory
INFOS: Déploiement du répertoire Z:\apache-tomcat-7.0.35\webapps\AuthenficationServelet de l'application web
févr. 09, 2017 4:16:06 PM org.apache.catalina.startup.HostConfig deployDirectory
INFOS: Déploiement du répertoire Z:\apache-tomcat-7.0.35\webapps\tp2 de l'application web
févr. 09, 2017 4:22:08 PM org.apache.catalina.startup.HostConfig checkResources
INFOS: Reloading context [/aviation]
févr. 09, 2017 4:22:08 PM org.apache.catalina.core.StandardContext reload
INFOS: Le rechargement du contexte [/aviation] a démarré
févr. 09, 2017 4:22:09 PM org.apache.catalina.core.StandardContext reload
INFOS: Le rechargement de ce contexte est terminé
févr. 09, 2017 4:23:39 PM org.apache.catalina.startup.HostConfig checkResources
INFOS: Reloading context [/aviation]
févr. 09, 2017 4:23:39 PM org.apache.catalina.core.StandardContext reload
INFOS: Le rechargement du contexte [/aviation] a démarré
févr. 09, 2017 4:23:40 PM org.apache.catalina.core.StandardContext reload
GRAVE: Exception lors du démarrage du contexte [/aviation]
org.apache.catalina.LifecycleException: Failed to start component [StandardEngine[Catalina].StandardHost[localhost].StandardContext[/aviation]]
	at org.apache.catalina.util.LifecycleBase.start(LifecycleBase.java:154)
	at org.apache.catalina.core.StandardContext.reload(StandardContext.java:3926)
	at org.apache.catalina.startup.HostConfig.checkResources(HostConfig.java:1271)
	at org.apache.catalina.startup.HostConfig.check(HostConfig.java:1440)
	at org.apache.catalina.startup.HostConfig.lifecycleEvent(HostConfig.java:301)
	at org.apache.catalina.util.LifecycleSupport.fireLifecycleEvent(LifecycleSupport.java:119)
	at org.apache.catalina.util.LifecycleBase.fireLifecycleEvent(LifecycleBase.java:90)
	at org.apache.catalina.core.ContainerBase.backgroundProcess(ContainerBase.java:1374)
	at org.apache.catalina.core.ContainerBase$ContainerBackgroundProcessor.processChildren(ContainerBase.java:1530)
	at org.apache.catalina.core.ContainerBase$ContainerBackgroundProcessor.processChildren(ContainerBase.java:1540)
	at org.apache.catalina.core.ContainerBase$ContainerBackgroundProcessor.run(ContainerBase.java:1519)
	at java.lang.Thread.run(Unknown Source)
Caused by: java.lang.IllegalArgumentException: L'association de servlet (servlet mapping) indique un nom de servlet inconnu servlet2
	at org.apache.catalina.core.StandardContext.addServletMapping(StandardContext.java:3219)
	at org.apache.catalina.core.StandardContext.addServletMapping(StandardContext.java:3198)
	at org.apache.catalina.deploy.WebXml.configureContext(WebXml.java:1366)
	at org.apache.catalina.startup.ContextConfig.webConfig(ContextConfig.java:1353)
	at org.apache.catalina.startup.ContextConfig.configureStart(ContextConfig.java:878)
	at org.apache.catalina.startup.ContextConfig.lifecycleEvent(ContextConfig.java:369)
	at org.apache.catalina.util.LifecycleSupport.fireLifecycleEvent(LifecycleSupport.java:119)
	at org.apache.catalina.util.LifecycleBase.fireLifecycleEvent(LifecycleBase.java:90)
	at org.apache.catalina.core.StandardContext.startInternal(StandardContext.java:5179)
	at org.apache.catalina.util.LifecycleBase.start(LifecycleBase.java:150)
	... 11 more

févr. 09, 2017 4:23:40 PM org.apache.catalina.core.StandardContext reload
INFOS: Le rechargement de ce contexte est terminé
févr. 09, 2017 4:29:02 PM org.apache.catalina.core.StandardContext reload
INFOS: Le rechargement du contexte [/AuthenficationServelet] a démarré
févr. 09, 2017 4:29:03 PM org.apache.catalina.core.StandardContext reload
INFOS: Le rechargement de ce contexte est terminé
févr. 09, 2017 4:35:53 PM org.apache.catalina.startup.HostConfig deleteRedeployResources
INFOS: Repli (undeploy) de l'application web ayant pour chemin de contexte /AuthenficationServelet
févr. 09, 2017 4:37:04 PM org.apache.catalina.startup.HostConfig checkResources
INFOS: Reloading context [/tp2]
févr. 09, 2017 4:37:04 PM org.apache.catalina.core.StandardContext reload
INFOS: Le rechargement du contexte [/tp2] a démarré
févr. 09, 2017 4:37:05 PM org.apache.tomcat.util.digester.Digester fatalError
GRAVE: Parse Fatal Error at line 1 column 1: Fin prématurée du fichier.
org.xml.sax.SAXParseException; systemId: jndi:/localhost/tp2/WEB-INF/web.xml; lineNumber: 1; columnNumber: 1; Fin prématurée du fichier.
	at com.sun.org.apache.xerces.internal.util.ErrorHandlerWrapper.createSAXParseException(Unknown Source)
	at com.sun.org.apache.xerces.internal.util.ErrorHandlerWrapper.fatalError(Unknown Source)
	at com.sun.org.apache.xerces.internal.impl.XMLErrorReporter.reportError(Unknown Source)
	at com.sun.org.apache.xerces.internal.impl.XMLErrorReporter.reportError(Unknown Source)
	at com.sun.org.apache.xerces.internal.impl.XMLScanner.reportFatalError(Unknown Source)
	at com.sun.org.apache.xerces.internal.impl.XMLDocumentScannerImpl$PrologDriver.next(Unknown Source)
	at com.sun.org.apache.xerces.internal.impl.XMLDocumentScannerImpl.next(Unknown Source)
	at com.sun.org.apache.xerces.internal.impl.XMLDocumentFragmentScannerImpl.scanDocument(Unknown Source)
	at com.sun.org.apache.xerces.internal.parsers.XML11Configuration.parse(Unknown Source)
	at com.sun.org.apache.xerces.internal.parsers.XML11Configuration.parse(Unknown Source)
	at com.sun.org.apache.xerces.internal.parsers.XMLParser.parse(Unknown Source)
	at com.sun.org.apache.xerces.internal.parsers.AbstractSAXParser.parse(Unknown Source)
	at com.sun.org.apache.xerces.internal.jaxp.SAXParserImpl$JAXPSAXParser.parse(Unknown Source)
	at org.apache.tomcat.util.digester.Digester.parse(Digester.java:1537)
	at org.apache.catalina.startup.ContextConfig.parseWebXml(ContextConfig.java:1879)
	at org.apache.catalina.startup.ContextConfig.webConfig(ContextConfig.java:1259)
	at org.apache.catalina.startup.ContextConfig.configureStart(ContextConfig.java:878)
	at org.apache.catalina.startup.ContextConfig.lifecycleEvent(ContextConfig.java:369)
	at org.apache.catalina.util.LifecycleSupport.fireLifecycleEvent(LifecycleSupport.java:119)
	at org.apache.catalina.util.LifecycleBase.fireLifecycleEvent(LifecycleBase.java:90)
	at org.apache.catalina.core.StandardContext.startInternal(StandardContext.java:5179)
	at org.apache.catalina.util.LifecycleBase.start(LifecycleBase.java:150)
	at org.apache.catalina.core.StandardContext.reload(StandardContext.java:3926)
	at org.apache.catalina.startup.HostConfig.checkResources(HostConfig.java:1271)
	at org.apache.catalina.startup.HostConfig.check(HostConfig.java:1440)
	at org.apache.catalina.startup.HostConfig.lifecycleEvent(HostConfig.java:301)
	at org.apache.catalina.util.LifecycleSupport.fireLifecycleEvent(LifecycleSupport.java:119)
	at org.apache.catalina.util.LifecycleBase.fireLifecycleEvent(LifecycleBase.java:90)
	at org.apache.catalina.core.ContainerBase.backgroundProcess(ContainerBase.java:1374)
	at org.apache.catalina.core.ContainerBase$ContainerBackgroundProcessor.processChildren(ContainerBase.java:1530)
	at org.apache.catalina.core.ContainerBase$ContainerBackgroundProcessor.processChildren(ContainerBase.java:1540)
	at org.apache.catalina.core.ContainerBase$ContainerBackgroundProcessor.run(ContainerBase.java:1519)
	at java.lang.Thread.run(Unknown Source)

févr. 09, 2017 4:37:05 PM org.apache.catalina.startup.ContextConfig parseWebXml
GRAVE: Erreur d'évaluation (parse) dans le fichier web.xml de l'application à jndi:/localhost/tp2/WEB-INF/web.xml
org.xml.sax.SAXParseException; systemId: jndi:/localhost/tp2/WEB-INF/web.xml; lineNumber: 1; columnNumber: 1; Fin prématurée du fichier.
	at com.sun.org.apache.xerces.internal.util.ErrorHandlerWrapper.createSAXParseException(Unknown Source)
	at com.sun.org.apache.xerces.internal.util.ErrorHandlerWrapper.fatalError(Unknown Source)
	at com.sun.org.apache.xerces.internal.impl.XMLErrorReporter.reportError(Unknown Source)
	at com.sun.org.apache.xerces.internal.impl.XMLErrorReporter.reportError(Unknown Source)
	at com.sun.org.apache.xerces.internal.impl.XMLScanner.reportFatalError(Unknown Source)
	at com.sun.org.apache.xerces.internal.impl.XMLDocumentScannerImpl$PrologDriver.next(Unknown Source)
	at com.sun.org.apache.xerces.internal.impl.XMLDocumentScannerImpl.next(Unknown Source)
	at com.sun.org.apache.xerces.internal.impl.XMLDocumentFragmentScannerImpl.scanDocument(Unknown Source)
	at com.sun.org.apache.xerces.internal.parsers.XML11Configuration.parse(Unknown Source)
	at com.sun.org.apache.xerces.internal.parsers.XML11Configuration.parse(Unknown Source)
	at com.sun.org.apache.xerces.internal.parsers.XMLParser.parse(Unknown Source)
	at com.sun.org.apache.xerces.internal.parsers.AbstractSAXParser.parse(Unknown Source)
	at com.sun.org.apache.xerces.internal.jaxp.SAXParserImpl$JAXPSAXParser.parse(Unknown Source)
	at org.apache.tomcat.util.digester.Digester.parse(Digester.java:1537)
	at org.apache.catalina.startup.ContextConfig.parseWebXml(ContextConfig.java:1879)
	at org.apache.catalina.startup.ContextConfig.webConfig(ContextConfig.java:1259)
	at org.apache.catalina.startup.ContextConfig.configureStart(ContextConfig.java:878)
	at org.apache.catalina.startup.ContextConfig.lifecycleEvent(ContextConfig.java:369)
	at org.apache.catalina.util.LifecycleSupport.fireLifecycleEvent(LifecycleSupport.java:119)
	at org.apache.catalina.util.LifecycleBase.fireLifecycleEvent(LifecycleBase.java:90)
	at org.apache.catalina.core.StandardContext.startInternal(StandardContext.java:5179)
	at org.apache.catalina.util.LifecycleBase.start(LifecycleBase.java:150)
	at org.apache.catalina.core.StandardContext.reload(StandardContext.java:3926)
	at org.apache.catalina.startup.HostConfig.checkResources(HostConfig.java:1271)
	at org.apache.catalina.startup.HostConfig.check(HostConfig.java:1440)
	at org.apache.catalina.startup.HostConfig.lifecycleEvent(HostConfig.java:301)
	at org.apache.catalina.util.LifecycleSupport.fireLifecycleEvent(LifecycleSupport.java:119)
	at org.apache.catalina.util.LifecycleBase.fireLifecycleEvent(LifecycleBase.java:90)
	at org.apache.catalina.core.ContainerBase.backgroundProcess(ContainerBase.java:1374)
	at org.apache.catalina.core.ContainerBase$ContainerBackgroundProcessor.processChildren(ContainerBase.java:1530)
	at org.apache.catalina.core.ContainerBase$ContainerBackgroundProcessor.processChildren(ContainerBase.java:1540)
	at org.apache.catalina.core.ContainerBase$ContainerBackgroundProcessor.run(ContainerBase.java:1519)
	at java.lang.Thread.run(Unknown Source)

févr. 09, 2017 4:37:05 PM org.apache.catalina.startup.ContextConfig parseWebXml
GRAVE: S'est produite à la ligne 1 colonne 1
févr. 09, 2017 4:37:05 PM org.apache.catalina.startup.ContextConfig configureStart
GRAVE: Cette application est marquée comme non disponible suite aux erreurs précédentes
févr. 09, 2017 4:37:05 PM org.apache.catalina.core.StandardContext startInternal
GRAVE: Error getConfigured
févr. 09, 2017 4:37:05 PM org.apache.catalina.core.StandardContext startInternal
GRAVE: Erreur de démarrage du contexte [/tp2] suite aux erreurs précédentes
févr. 09, 2017 4:37:05 PM org.apache.catalina.core.StandardContext reload
INFOS: Le rechargement de ce contexte est terminé
févr. 09, 2017 4:37:55 PM org.apache.catalina.startup.HostConfig checkResources
INFOS: Reloading context [/aviation]
févr. 09, 2017 4:38:16 PM org.apache.catalina.startup.HostConfig checkResources
INFOS: Reloading context [/tp2]
févr. 09, 2017 4:38:16 PM org.apache.catalina.startup.HostConfig checkResources
AVERTISSEMENT: Error during context [/tp2] restart
org.apache.catalina.LifecycleException: Failed to start component [StandardEngine[Catalina].StandardHost[localhost].StandardContext[/tp2]]
	at org.apache.catalina.util.LifecycleBase.start(LifecycleBase.java:154)
	at org.apache.catalina.startup.HostConfig.checkResources(HostConfig.java:1276)
	at org.apache.catalina.startup.HostConfig.check(HostConfig.java:1440)
	at org.apache.catalina.startup.HostConfig.lifecycleEvent(HostConfig.java:301)
	at org.apache.catalina.util.LifecycleSupport.fireLifecycleEvent(LifecycleSupport.java:119)
	at org.apache.catalina.util.LifecycleBase.fireLifecycleEvent(LifecycleBase.java:90)
	at org.apache.catalina.core.ContainerBase.backgroundProcess(ContainerBase.java:1374)
	at org.apache.catalina.core.ContainerBase$ContainerBackgroundProcessor.processChildren(ContainerBase.java:1530)
	at org.apache.catalina.core.ContainerBase$ContainerBackgroundProcessor.processChildren(ContainerBase.java:1540)
	at org.apache.catalina.core.ContainerBase$ContainerBackgroundProcessor.run(ContainerBase.java:1519)
	at java.lang.Thread.run(Unknown Source)
Caused by: java.lang.IllegalArgumentException: L'association de servlet (servlet mapping) indique un nom de servlet inconnu servlet2
	at org.apache.catalina.core.StandardContext.addServletMapping(StandardContext.java:3219)
	at org.apache.catalina.core.StandardContext.addServletMapping(StandardContext.java:3198)
	at org.apache.catalina.deploy.WebXml.configureContext(WebXml.java:1366)
	at org.apache.catalina.startup.ContextConfig.webConfig(ContextConfig.java:1353)
	at org.apache.catalina.startup.ContextConfig.configureStart(ContextConfig.java:878)
	at org.apache.catalina.startup.ContextConfig.lifecycleEvent(ContextConfig.java:369)
	at org.apache.catalina.util.LifecycleSupport.fireLifecycleEvent(LifecycleSupport.java:119)
	at org.apache.catalina.util.LifecycleBase.fireLifecycleEvent(LifecycleBase.java:90)
	at org.apache.catalina.core.StandardContext.startInternal(StandardContext.java:5179)
	at org.apache.catalina.util.LifecycleBase.start(LifecycleBase.java:150)
	... 10 more

févr. 09, 2017 4:39:56 PM org.apache.catalina.core.StandardContext reload
INFOS: Le rechargement du contexte [/tp2] a démarré
févr. 09, 2017 4:39:57 PM org.apache.catalina.core.StandardContext reload
INFOS: Le rechargement de ce contexte est terminé
févr. 09, 2017 4:39:57 PM org.apache.catalina.startup.HostConfig checkResources
INFOS: Reloading context [/tp2]
févr. 09, 2017 4:39:57 PM org.apache.catalina.core.StandardContext reload
INFOS: Le rechargement du contexte [/tp2] a démarré
févr. 09, 2017 4:39:58 PM org.apache.catalina.core.StandardContext reload
INFOS: Le rechargement de ce contexte est terminé
