févr. 09, 2017 3:41:10 PM org.apache.catalina.core.ApplicationContext log
INFOS: HTMLManager: init: Associated with Deployer 'Catalina:type=Deployer,host=localhost'
févr. 09, 2017 3:41:10 PM org.apache.catalina.core.ApplicationContext log
INFOS: HTMLManager: init: Global resources are available
févr. 09, 2017 3:41:10 PM org.apache.catalina.core.ApplicationContext log
INFOS: HTMLManager: list: Listing contexts for virtual host 'localhost'
févr. 09, 2017 3:45:25 PM org.apache.catalina.core.ApplicationContext log
INFOS: HTMLManager: stop: Stopping web application '/aviation'
févr. 09, 2017 3:45:25 PM org.apache.catalina.core.ApplicationContext log
INFOS: HTMLManager: list: Listing contexts for virtual host 'localhost'
févr. 09, 2017 3:45:27 PM org.apache.catalina.core.ApplicationContext log
INFOS: HTMLManager: start: Starting web application '/aviation'
févr. 09, 2017 3:45:27 PM org.apache.catalina.core.ApplicationContext log
INFOS: HTMLManager: list: Listing contexts for virtual host 'localhost'
févr. 09, 2017 3:56:23 PM org.apache.catalina.core.ApplicationContext log
INFOS: HTMLManager: init: Associated with Deployer 'Catalina:type=Deployer,host=localhost'
févr. 09, 2017 3:56:23 PM org.apache.catalina.core.ApplicationContext log
INFOS: HTMLManager: init: Global resources are available
févr. 09, 2017 3:56:23 PM org.apache.catalina.core.ApplicationContext log
INFOS: HTMLManager: list: Listing contexts for virtual host 'localhost'
févr. 09, 2017 3:58:44 PM org.apache.catalina.core.ApplicationContext log
INFOS: HTMLManager: restart: Reloading web application '/aviation'
févr. 09, 2017 3:58:45 PM org.apache.catalina.core.ApplicationContext log
INFOS: HTMLManager: list: Listing contexts for virtual host 'localhost'
févr. 09, 2017 3:58:47 PM org.apache.catalina.core.ApplicationContext log
INFOS: HTMLManager: restart: Reloading web application '/aviation'
févr. 09, 2017 3:58:48 PM org.apache.catalina.core.ApplicationContext log
INFOS: HTMLManager: list: Listing contexts for virtual host 'localhost'
févr. 09, 2017 4:28:58 PM org.apache.catalina.core.ApplicationContext log
INFOS: HTMLManager: list: Listing contexts for virtual host 'localhost'
févr. 09, 2017 4:29:02 PM org.apache.catalina.core.ApplicationContext log
INFOS: HTMLManager: restart: Reloading web application '/AuthenficationServelet'
févr. 09, 2017 4:29:03 PM org.apache.catalina.core.ApplicationContext log
INFOS: HTMLManager: list: Listing contexts for virtual host 'localhost'
févr. 09, 2017 4:38:46 PM org.apache.catalina.core.ApplicationContext log
INFOS: HTMLManager: list: Listing contexts for virtual host 'localhost'
févr. 09, 2017 4:39:06 PM org.apache.catalina.core.ApplicationContext log
INFOS: HTMLManager: start: Starting web application '/tp2'
févr. 09, 2017 4:39:07 PM org.apache.catalina.core.ApplicationContext log
GRAVE: ECHEC - L'application pour le chemin de contexte /tp2 n'a pas pu être démarrée
org.apache.catalina.LifecycleException: Failed to start component [StandardEngine[Catalina].StandardHost[localhost].StandardContext[/tp2]]
	at org.apache.catalina.util.LifecycleBase.start(LifecycleBase.java:154)
	at org.apache.catalina.manager.ManagerServlet.start(ManagerServlet.java:1256)
	at org.apache.catalina.manager.HTMLManagerServlet.start(HTMLManagerServlet.java:714)
	at org.apache.catalina.manager.HTMLManagerServlet.doPost(HTMLManagerServlet.java:219)
	at javax.servlet.http.HttpServlet.service(HttpServlet.java:647)
	at javax.servlet.http.HttpServlet.service(HttpServlet.java:728)
	at org.apache.catalina.core.ApplicationFilterChain.internalDoFilter(ApplicationFilterChain.java:305)
	at org.apache.catalina.core.ApplicationFilterChain.doFilter(ApplicationFilterChain.java:210)
	at org.apache.catalina.filters.CsrfPreventionFilter.doFilter(CsrfPreventionFilter.java:213)
	at org.apache.catalina.core.ApplicationFilterChain.internalDoFilter(ApplicationFilterChain.java:243)
	at org.apache.catalina.core.ApplicationFilterChain.doFilter(ApplicationFilterChain.java:210)
	at org.apache.catalina.filters.SetCharacterEncodingFilter.doFilter(SetCharacterEncodingFilter.java:108)
	at org.apache.catalina.core.ApplicationFilterChain.internalDoFilter(ApplicationFilterChain.java:243)
	at org.apache.catalina.core.ApplicationFilterChain.doFilter(ApplicationFilterChain.java:210)
	at org.apache.catalina.core.StandardWrapperValve.invoke(StandardWrapperValve.java:222)
	at org.apache.catalina.core.StandardContextValve.invoke(StandardContextValve.java:123)
	at org.apache.catalina.authenticator.AuthenticatorBase.invoke(AuthenticatorBase.java:581)
	at org.apache.catalina.core.StandardHostValve.invoke(StandardHostValve.java:171)
	at org.apache.catalina.valves.ErrorReportValve.invoke(ErrorReportValve.java:99)
	at org.apache.catalina.valves.AccessLogValve.invoke(AccessLogValve.java:936)
	at org.apache.catalina.core.StandardEngineValve.invoke(StandardEngineValve.java:118)
	at org.apache.catalina.connector.CoyoteAdapter.service(CoyoteAdapter.java:407)
	at org.apache.coyote.http11.AbstractHttp11Processor.process(AbstractHttp11Processor.java:1004)
	at org.apache.coyote.AbstractProtocol$AbstractConnectionHandler.process(AbstractProtocol.java:589)
	at org.apache.tomcat.util.net.JIoEndpoint$SocketProcessor.run(JIoEndpoint.java:310)
	at java.util.concurrent.ThreadPoolExecutor.runWorker(Unknown Source)
	at java.util.concurrent.ThreadPoolExecutor$Worker.run(Unknown Source)
	at java.lang.Thread.run(Unknown Source)
Caused by: java.lang.IllegalArgumentException: L'association de servlet (servlet mapping) indique un nom de servlet inconnu servlet2
	at org.apache.catalina.core.StandardContext.addServletMapping(StandardContext.java:3219)
	at org.apache.catalina.core.StandardContext.addServletMapping(StandardContext.java:3198)
	at org.apache.catalina.deploy.WebXml.configureContext(WebXml.java:1366)
	at org.apache.catalina.startup.ContextConfig.webConfig(ContextConfig.java:1353)
	at org.apache.catalina.startup.ContextConfig.configureStart(ContextConfig.java:878)
	at org.apache.catalina.startup.ContextConfig.lifecycleEvent(ContextConfig.java:369)
	at org.apache.catalina.util.LifecycleSupport.fireLifecycleEvent(LifecycleSupport.java:119)
	at org.apache.catalina.util.LifecycleBase.fireLifecycleEvent(LifecycleBase.java:90)
	at org.apache.catalina.core.StandardContext.startInternal(StandardContext.java:5179)
	at org.apache.catalina.util.LifecycleBase.start(LifecycleBase.java:150)
	... 27 more

févr. 09, 2017 4:39:07 PM org.apache.catalina.core.ApplicationContext log
INFOS: HTMLManager: list: Listing contexts for virtual host 'localhost'
févr. 09, 2017 4:39:08 PM org.apache.catalina.core.ApplicationContext log
INFOS: HTMLManager: start: Starting web application '/tp2'
févr. 09, 2017 4:39:09 PM org.apache.catalina.core.ApplicationContext log
GRAVE: ECHEC - L'application pour le chemin de contexte /tp2 n'a pas pu être démarrée
org.apache.catalina.LifecycleException: Failed to start component [StandardEngine[Catalina].StandardHost[localhost].StandardContext[/tp2]]
	at org.apache.catalina.util.LifecycleBase.start(LifecycleBase.java:154)
	at org.apache.catalina.manager.ManagerServlet.start(ManagerServlet.java:1256)
	at org.apache.catalina.manager.HTMLManagerServlet.start(HTMLManagerServlet.java:714)
	at org.apache.catalina.manager.HTMLManagerServlet.doPost(HTMLManagerServlet.java:219)
	at javax.servlet.http.HttpServlet.service(HttpServlet.java:647)
	at javax.servlet.http.HttpServlet.service(HttpServlet.java:728)
	at org.apache.catalina.core.ApplicationFilterChain.internalDoFilter(ApplicationFilterChain.java:305)
	at org.apache.catalina.core.ApplicationFilterChain.doFilter(ApplicationFilterChain.java:210)
	at org.apache.catalina.filters.CsrfPreventionFilter.doFilter(CsrfPreventionFilter.java:213)
	at org.apache.catalina.core.ApplicationFilterChain.internalDoFilter(ApplicationFilterChain.java:243)
	at org.apache.catalina.core.ApplicationFilterChain.doFilter(ApplicationFilterChain.java:210)
	at org.apache.catalina.filters.SetCharacterEncodingFilter.doFilter(SetCharacterEncodingFilter.java:108)
	at org.apache.catalina.core.ApplicationFilterChain.internalDoFilter(ApplicationFilterChain.java:243)
	at org.apache.catalina.core.ApplicationFilterChain.doFilter(ApplicationFilterChain.java:210)
	at org.apache.catalina.core.StandardWrapperValve.invoke(StandardWrapperValve.java:222)
	at org.apache.catalina.core.StandardContextValve.invoke(StandardContextValve.java:123)
	at org.apache.catalina.authenticator.AuthenticatorBase.invoke(AuthenticatorBase.java:581)
	at org.apache.catalina.core.StandardHostValve.invoke(StandardHostValve.java:171)
	at org.apache.catalina.valves.ErrorReportValve.invoke(ErrorReportValve.java:99)
	at org.apache.catalina.valves.AccessLogValve.invoke(AccessLogValve.java:936)
	at org.apache.catalina.core.StandardEngineValve.invoke(StandardEngineValve.java:118)
	at org.apache.catalina.connector.CoyoteAdapter.service(CoyoteAdapter.java:407)
	at org.apache.coyote.http11.AbstractHttp11Processor.process(AbstractHttp11Processor.java:1004)
	at org.apache.coyote.AbstractProtocol$AbstractConnectionHandler.process(AbstractProtocol.java:589)
	at org.apache.tomcat.util.net.JIoEndpoint$SocketProcessor.run(JIoEndpoint.java:312)
	at java.util.concurrent.ThreadPoolExecutor.runWorker(Unknown Source)
	at java.util.concurrent.ThreadPoolExecutor$Worker.run(Unknown Source)
	at java.lang.Thread.run(Unknown Source)
Caused by: java.lang.IllegalArgumentException: L'association de servlet (servlet mapping) indique un nom de servlet inconnu servlet2
	at org.apache.catalina.core.StandardContext.addServletMapping(StandardContext.java:3219)
	at org.apache.catalina.core.StandardContext.addServletMapping(StandardContext.java:3198)
	at org.apache.catalina.deploy.WebXml.configureContext(WebXml.java:1366)
	at org.apache.catalina.startup.ContextConfig.webConfig(ContextConfig.java:1353)
	at org.apache.catalina.startup.ContextConfig.configureStart(ContextConfig.java:878)
	at org.apache.catalina.startup.ContextConfig.lifecycleEvent(ContextConfig.java:369)
	at org.apache.catalina.util.LifecycleSupport.fireLifecycleEvent(LifecycleSupport.java:119)
	at org.apache.catalina.util.LifecycleBase.fireLifecycleEvent(LifecycleBase.java:90)
	at org.apache.catalina.core.StandardContext.startInternal(StandardContext.java:5179)
	at org.apache.catalina.util.LifecycleBase.start(LifecycleBase.java:150)
	... 27 more

févr. 09, 2017 4:39:09 PM org.apache.catalina.core.ApplicationContext log
INFOS: HTMLManager: list: Listing contexts for virtual host 'localhost'
févr. 09, 2017 4:39:09 PM org.apache.catalina.core.ApplicationContext log
INFOS: HTMLManager: start: Starting web application '/tp2'
févr. 09, 2017 4:39:10 PM org.apache.catalina.core.ApplicationContext log
GRAVE: ECHEC - L'application pour le chemin de contexte /tp2 n'a pas pu être démarrée
org.apache.catalina.LifecycleException: Failed to start component [StandardEngine[Catalina].StandardHost[localhost].StandardContext[/tp2]]
	at org.apache.catalina.util.LifecycleBase.start(LifecycleBase.java:154)
	at org.apache.catalina.manager.ManagerServlet.start(ManagerServlet.java:1256)
	at org.apache.catalina.manager.HTMLManagerServlet.start(HTMLManagerServlet.java:714)
	at org.apache.catalina.manager.HTMLManagerServlet.doPost(HTMLManagerServlet.java:219)
	at javax.servlet.http.HttpServlet.service(HttpServlet.java:647)
	at javax.servlet.http.HttpServlet.service(HttpServlet.java:728)
	at org.apache.catalina.core.ApplicationFilterChain.internalDoFilter(ApplicationFilterChain.java:305)
	at org.apache.catalina.core.ApplicationFilterChain.doFilter(ApplicationFilterChain.java:210)
	at org.apache.catalina.filters.CsrfPreventionFilter.doFilter(CsrfPreventionFilter.java:213)
	at org.apache.catalina.core.ApplicationFilterChain.internalDoFilter(ApplicationFilterChain.java:243)
	at org.apache.catalina.core.ApplicationFilterChain.doFilter(ApplicationFilterChain.java:210)
	at org.apache.catalina.filters.SetCharacterEncodingFilter.doFilter(SetCharacterEncodingFilter.java:108)
	at org.apache.catalina.core.ApplicationFilterChain.internalDoFilter(ApplicationFilterChain.java:243)
	at org.apache.catalina.core.ApplicationFilterChain.doFilter(ApplicationFilterChain.java:210)
	at org.apache.catalina.core.StandardWrapperValve.invoke(StandardWrapperValve.java:222)
	at org.apache.catalina.core.StandardContextValve.invoke(StandardContextValve.java:123)
	at org.apache.catalina.authenticator.AuthenticatorBase.invoke(AuthenticatorBase.java:581)
	at org.apache.catalina.core.StandardHostValve.invoke(StandardHostValve.java:171)
	at org.apache.catalina.valves.ErrorReportValve.invoke(ErrorReportValve.java:99)
	at org.apache.catalina.valves.AccessLogValve.invoke(AccessLogValve.java:936)
	at org.apache.catalina.core.StandardEngineValve.invoke(StandardEngineValve.java:118)
	at org.apache.catalina.connector.CoyoteAdapter.service(CoyoteAdapter.java:407)
	at org.apache.coyote.http11.AbstractHttp11Processor.process(AbstractHttp11Processor.java:1004)
	at org.apache.coyote.AbstractProtocol$AbstractConnectionHandler.process(AbstractProtocol.java:589)
	at org.apache.tomcat.util.net.JIoEndpoint$SocketProcessor.run(JIoEndpoint.java:312)
	at java.util.concurrent.ThreadPoolExecutor.runWorker(Unknown Source)
	at java.util.concurrent.ThreadPoolExecutor$Worker.run(Unknown Source)
	at java.lang.Thread.run(Unknown Source)
Caused by: java.lang.IllegalArgumentException: L'association de servlet (servlet mapping) indique un nom de servlet inconnu servlet2
	at org.apache.catalina.core.StandardContext.addServletMapping(StandardContext.java:3219)
	at org.apache.catalina.core.StandardContext.addServletMapping(StandardContext.java:3198)
	at org.apache.catalina.deploy.WebXml.configureContext(WebXml.java:1366)
	at org.apache.catalina.startup.ContextConfig.webConfig(ContextConfig.java:1353)
	at org.apache.catalina.startup.ContextConfig.configureStart(ContextConfig.java:878)
	at org.apache.catalina.startup.ContextConfig.lifecycleEvent(ContextConfig.java:369)
	at org.apache.catalina.util.LifecycleSupport.fireLifecycleEvent(LifecycleSupport.java:119)
	at org.apache.catalina.util.LifecycleBase.fireLifecycleEvent(LifecycleBase.java:90)
	at org.apache.catalina.core.StandardContext.startInternal(StandardContext.java:5179)
	at org.apache.catalina.util.LifecycleBase.start(LifecycleBase.java:150)
	... 27 more

févr. 09, 2017 4:39:10 PM org.apache.catalina.core.ApplicationContext log
INFOS: HTMLManager: list: Listing contexts for virtual host 'localhost'
févr. 09, 2017 4:39:53 PM org.apache.catalina.core.ApplicationContext log
INFOS: HTMLManager: start: Starting web application '/tp2'
févr. 09, 2017 4:39:54 PM org.apache.catalina.core.ApplicationContext log
INFOS: HTMLManager: list: Listing contexts for virtual host 'localhost'
févr. 09, 2017 4:39:56 PM org.apache.catalina.core.ApplicationContext log
INFOS: HTMLManager: restart: Reloading web application '/tp2'
févr. 09, 2017 4:39:57 PM org.apache.catalina.core.ApplicationContext log
INFOS: HTMLManager: list: Listing contexts for virtual host 'localhost'
