mars 03, 2017 11:06:57 AM org.apache.catalina.core.ApplicationContext log
INFOS: HTMLManager: init: Associated with Deployer 'Catalina:type=Deployer,host=localhost'
mars 03, 2017 11:06:57 AM org.apache.catalina.core.ApplicationContext log
INFOS: HTMLManager: init: Global resources are available
mars 03, 2017 11:06:57 AM org.apache.catalina.core.ApplicationContext log
INFOS: HTMLManager: list: Listing contexts for virtual host 'localhost'
mars 03, 2017 11:30:50 AM org.apache.catalina.core.ApplicationContext log
INFOS: HTMLManager: list: Listing contexts for virtual host 'localhost'
mars 03, 2017 11:50:32 AM org.apache.catalina.core.ApplicationContext log
INFOS: HTMLManager: restart: Reloading web application '/projet'
mars 03, 2017 11:50:32 AM org.apache.catalina.core.ApplicationContext log
INFOS: HTMLManager: list: Listing contexts for virtual host 'localhost'
mars 03, 2017 11:51:04 AM org.apache.catalina.core.ApplicationContext log
INFOS: HTMLManager: restart: Reloading web application '/prj'
mars 03, 2017 11:51:05 AM org.apache.catalina.core.ApplicationContext log
INFOS: HTMLManager: list: Listing contexts for virtual host 'localhost'
mars 03, 2017 11:54:28 AM org.apache.catalina.core.ApplicationContext log
INFOS: HTMLManager: restart: Reloading web application '/prj'
mars 03, 2017 11:54:29 AM org.apache.catalina.core.ApplicationContext log
INFOS: HTMLManager: list: Listing contexts for virtual host 'localhost'
mars 03, 2017 11:56:06 AM org.apache.catalina.core.ApplicationContext log
INFOS: HTMLManager: restart: Reloading web application '/prj'
mars 03, 2017 11:56:07 AM org.apache.catalina.core.ApplicationContext log
INFOS: HTMLManager: list: Listing contexts for virtual host 'localhost'
mars 03, 2017 11:58:24 AM org.apache.catalina.core.ApplicationContext log
INFOS: HTMLManager: list: Listing contexts for virtual host 'localhost'
mars 03, 2017 12:12:27 PM org.apache.catalina.core.ApplicationContext log
INFOS: HTMLManager: list: Listing contexts for virtual host 'localhost'
