févr. 02, 2017 4:09:36 PM org.apache.catalina.core.ApplicationContext log
INFOS: HTMLManager: init: Associated with Deployer 'Catalina:type=Deployer,host=localhost'
févr. 02, 2017 4:09:36 PM org.apache.catalina.core.ApplicationContext log
INFOS: HTMLManager: init: Global resources are available
févr. 02, 2017 4:09:36 PM org.apache.catalina.core.ApplicationContext log
INFOS: HTMLManager: list: Listing contexts for virtual host 'localhost'
févr. 02, 2017 4:13:17 PM org.apache.catalina.core.ApplicationContext log
INFOS: HTMLManager: init: Associated with Deployer 'Catalina:type=Deployer,host=localhost'
févr. 02, 2017 4:13:17 PM org.apache.catalina.core.ApplicationContext log
INFOS: HTMLManager: init: Global resources are available
févr. 02, 2017 4:13:17 PM org.apache.catalina.core.ApplicationContext log
INFOS: HTMLManager: list: Listing contexts for virtual host 'localhost'
févr. 02, 2017 4:34:30 PM org.apache.catalina.core.ApplicationContext log
INFOS: HTMLManager: list: Listing contexts for virtual host 'localhost'
févr. 02, 2017 4:39:18 PM org.apache.catalina.core.ApplicationContext log
INFOS: HTMLManager: list: Listing contexts for virtual host 'localhost'
févr. 02, 2017 4:39:18 PM org.apache.catalina.core.ApplicationContext log
INFOS: HTMLManager: list: Listing contexts for virtual host 'localhost'
févr. 02, 2017 4:39:19 PM org.apache.catalina.core.ApplicationContext log
INFOS: HTMLManager: list: Listing contexts for virtual host 'localhost'
févr. 02, 2017 4:39:19 PM org.apache.catalina.core.ApplicationContext log
INFOS: HTMLManager: list: Listing contexts for virtual host 'localhost'
févr. 02, 2017 4:39:19 PM org.apache.catalina.core.ApplicationContext log
INFOS: HTMLManager: list: Listing contexts for virtual host 'localhost'
févr. 02, 2017 4:39:19 PM org.apache.catalina.core.ApplicationContext log
INFOS: HTMLManager: list: Listing contexts for virtual host 'localhost'
févr. 02, 2017 4:39:20 PM org.apache.catalina.core.ApplicationContext log
INFOS: HTMLManager: list: Listing contexts for virtual host 'localhost'
févr. 02, 2017 4:39:20 PM org.apache.catalina.core.ApplicationContext log
INFOS: HTMLManager: list: Listing contexts for virtual host 'localhost'
févr. 02, 2017 4:39:20 PM org.apache.catalina.core.ApplicationContext log
INFOS: HTMLManager: list: Listing contexts for virtual host 'localhost'
févr. 02, 2017 4:39:20 PM org.apache.catalina.core.ApplicationContext log
INFOS: HTMLManager: list: Listing contexts for virtual host 'localhost'
févr. 02, 2017 4:39:21 PM org.apache.catalina.core.ApplicationContext log
INFOS: HTMLManager: list: Listing contexts for virtual host 'localhost'
févr. 02, 2017 4:39:21 PM org.apache.catalina.core.ApplicationContext log
INFOS: HTMLManager: list: Listing contexts for virtual host 'localhost'
févr. 02, 2017 4:39:22 PM org.apache.catalina.core.ApplicationContext log
INFOS: HTMLManager: list: Listing contexts for virtual host 'localhost'
févr. 02, 2017 4:39:22 PM org.apache.catalina.core.ApplicationContext log
INFOS: HTMLManager: list: Listing contexts for virtual host 'localhost'
févr. 02, 2017 4:39:23 PM org.apache.catalina.core.ApplicationContext log
INFOS: HTMLManager: list: Listing contexts for virtual host 'localhost'
févr. 02, 2017 4:39:23 PM org.apache.catalina.core.ApplicationContext log
INFOS: HTMLManager: list: Listing contexts for virtual host 'localhost'
févr. 02, 2017 4:39:23 PM org.apache.catalina.core.ApplicationContext log
INFOS: HTMLManager: list: Listing contexts for virtual host 'localhost'
févr. 02, 2017 4:39:24 PM org.apache.catalina.core.ApplicationContext log
INFOS: HTMLManager: list: Listing contexts for virtual host 'localhost'
févr. 02, 2017 4:39:24 PM org.apache.catalina.core.ApplicationContext log
INFOS: HTMLManager: list: Listing contexts for virtual host 'localhost'
févr. 02, 2017 4:39:58 PM org.apache.catalina.core.ApplicationContext log
INFOS: HTMLManager: list: Listing contexts for virtual host 'localhost'
févr. 02, 2017 4:40:01 PM org.apache.catalina.core.ApplicationContext log
INFOS: HTMLManager: list: Listing contexts for virtual host 'localhost'
févr. 02, 2017 4:40:16 PM org.apache.catalina.core.ApplicationContext log
INFOS: HTMLManager: list: Listing contexts for virtual host 'localhost'
févr. 02, 2017 4:40:16 PM org.apache.catalina.core.ApplicationContext log
INFOS: HTMLManager: list: Listing contexts for virtual host 'localhost'
févr. 02, 2017 4:40:17 PM org.apache.catalina.core.ApplicationContext log
INFOS: HTMLManager: list: Listing contexts for virtual host 'localhost'
févr. 02, 2017 4:40:17 PM org.apache.catalina.core.ApplicationContext log
INFOS: HTMLManager: list: Listing contexts for virtual host 'localhost'
févr. 02, 2017 4:40:17 PM org.apache.catalina.core.ApplicationContext log
INFOS: HTMLManager: list: Listing contexts for virtual host 'localhost'
févr. 02, 2017 4:40:17 PM org.apache.catalina.core.ApplicationContext log
INFOS: HTMLManager: list: Listing contexts for virtual host 'localhost'
févr. 02, 2017 4:40:17 PM org.apache.catalina.core.ApplicationContext log
INFOS: HTMLManager: list: Listing contexts for virtual host 'localhost'
févr. 02, 2017 4:40:18 PM org.apache.catalina.core.ApplicationContext log
INFOS: HTMLManager: list: Listing contexts for virtual host 'localhost'
févr. 02, 2017 4:40:18 PM org.apache.catalina.core.ApplicationContext log
INFOS: HTMLManager: list: Listing contexts for virtual host 'localhost'
févr. 02, 2017 4:40:18 PM org.apache.catalina.core.ApplicationContext log
INFOS: HTMLManager: list: Listing contexts for virtual host 'localhost'
févr. 02, 2017 4:40:19 PM org.apache.catalina.core.ApplicationContext log
INFOS: HTMLManager: list: Listing contexts for virtual host 'localhost'
févr. 02, 2017 4:55:31 PM org.apache.catalina.core.ApplicationContext log
INFOS: HTMLManager: install: Installing web application '/' from 'null'
févr. 02, 2017 4:55:31 PM org.apache.catalina.core.ApplicationContext log
INFOS: HTMLManager: list: Listing contexts for virtual host 'localhost'
févr. 02, 2017 4:57:38 PM org.apache.catalina.core.ApplicationContext log
INFOS: HTMLManager: install: Installing web application '/' from 'null'
févr. 02, 2017 4:57:38 PM org.apache.catalina.core.ApplicationContext log
INFOS: HTMLManager: list: Listing contexts for virtual host 'localhost'
févr. 02, 2017 4:57:40 PM org.apache.catalina.core.ApplicationContext log
INFOS: HTMLManager: install: Installing web application '/' from 'null'
févr. 02, 2017 4:57:40 PM org.apache.catalina.core.ApplicationContext log
INFOS: HTMLManager: list: Listing contexts for virtual host 'localhost'
févr. 02, 2017 4:57:54 PM org.apache.catalina.core.ApplicationContext log
INFOS: HTMLManager: install: Installing web application '/' from 'null'
févr. 02, 2017 4:57:54 PM org.apache.catalina.core.ApplicationContext log
INFOS: HTMLManager: list: Listing contexts for virtual host 'localhost'
févr. 02, 2017 4:58:14 PM org.apache.catalina.core.ApplicationContext log
INFOS: HTMLManager: install: Installing web application '/' from 'null'
févr. 02, 2017 4:58:14 PM org.apache.catalina.core.ApplicationContext log
INFOS: HTMLManager: list: Listing contexts for virtual host 'localhost'
févr. 02, 2017 4:58:38 PM org.apache.catalina.core.ApplicationContext log
INFOS: HTMLManager: list: Listing contexts for virtual host 'localhost'
févr. 02, 2017 4:58:38 PM org.apache.catalina.core.ApplicationContext log
INFOS: HTMLManager: list: Listing contexts for virtual host 'localhost'
févr. 02, 2017 4:58:39 PM org.apache.catalina.core.ApplicationContext log
INFOS: HTMLManager: list: Listing contexts for virtual host 'localhost'
févr. 02, 2017 4:58:39 PM org.apache.catalina.core.ApplicationContext log
INFOS: HTMLManager: list: Listing contexts for virtual host 'localhost'
févr. 02, 2017 4:58:39 PM org.apache.catalina.core.ApplicationContext log
INFOS: HTMLManager: list: Listing contexts for virtual host 'localhost'
févr. 02, 2017 4:58:48 PM org.apache.catalina.core.ApplicationContext log
INFOS: HTMLManager: start: Starting web application '/aviation'
févr. 02, 2017 4:58:48 PM org.apache.catalina.core.ApplicationContext log
INFOS: HTMLManager: list: Listing contexts for virtual host 'localhost'
févr. 02, 2017 4:58:59 PM org.apache.catalina.core.ApplicationContext log
INFOS: HTMLManager: restart: Reloading web application '/aviation'
févr. 02, 2017 4:59:00 PM org.apache.catalina.core.ApplicationContext log
INFOS: HTMLManager: list: Listing contexts for virtual host 'localhost'
févr. 02, 2017 4:59:08 PM org.apache.catalina.core.ApplicationContext log
INFOS: HTMLManager: restart: Reloading web application '/aviation'
févr. 02, 2017 4:59:09 PM org.apache.catalina.core.ApplicationContext log
INFOS: HTMLManager: list: Listing contexts for virtual host 'localhost'
